<?xml version="1.0" encoding="UTF-8"?>
<testsuite xmlns:xsi="http://www.w3.org/2001/XMLSchema-instance" xsi:noNamespaceSchemaLocation="https://maven.apache.org/surefire/maven-surefire-plugin/xsd/surefire-test-report-3.0.xsd" version="3.0" name="com.maersk.booking.BookingServiceTest" time="0.451" tests="4" errors="0" skipped="0" failures="0">
  <properties>
[...]
</properties>
  <testcase name="createBooking_happy_path_returns_bookingRef_and_saves_entity" classname="com.maersk.booking.BookingServiceTest" time="0.384">
    <system-out><![CDATA[21:48:12.068 [main] INFO com.maersk.booking.service.BookingService -- Creating booking for [size=20,type=DRY,from=Southampton,to=Singapore,qty=5,ts=2020-10-12T13:53:09Z]
21:48:12.091 [main] INFO com.maersk.booking.service.BookingService -- Saved booking bookingRef=957000123
]]></system-out>
  </testcase>
  <testcase name="createBooking_propagates_error_when_repository_fails" classname="com.maersk.booking.BookingServiceTest" time="0.008">
    <system-out><![CDATA[21:48:12.101 [main] INFO com.maersk.booking.service.BookingService -- Creating booking for [size=40,type=REEFER,from=MumbaiA,to=DelhiB,qty=2,ts=2021-01-01T00:00:00Z]
21:48:12.102 [main] ERROR com.maersk.booking.service.BookingService -- Failed to create booking: java.lang.RuntimeException: mongo unavailable
]]></system-out>
  </testcase>
  <testcase name="checkAvailability_returns_false_when_availableSpace_eq_zero" classname="com.maersk.booking.BookingServiceTest" time="0.042">
    <system-out><![CDATA[21:48:12.112 [main] INFO com.maersk.booking.service.BookingService -- Calling external availability: path=/api/bookings/checkAvailable payload=[size=40,type=REEFER,from=Chenna,to=Vizagp,qty=3]
21:48:12.146 [main] INFO com.maersk.booking.service.BookingService -- External response availableSpace=0 -> available=false
]]></system-out>
  </testcase>
  <testcase name="checkAvailability_returns_true_when_availableSpace_gt_zero" classname="com.maersk.booking.BookingServiceTest" time="0.012">
    <system-out><![CDATA[21:48:12.151 [main] INFO com.maersk.booking.service.BookingService -- Calling external availability: path=/api/bookings/checkAvailable payload=[size=20,type=DRY,from=DelhiX,to=MumbaiY,qty=5]
21:48:12.152 [main] INFO com.maersk.booking.service.BookingService -- External response availableSpace=6 -> available=true
]]></system-out>
  </testcase>
</testsuite>